<?xml version="1.0" encoding="UTF-8"?>
<coverage generated="1719927847232" clover="3.2.0">
  <project timestamp="1719927847232" name="All files">
    <metrics statements="19" coveredstatements="11" conditionals="2" coveredconditionals="1" methods="6" coveredmethods="2" elements="27" coveredelements="14" complexity="0" loc="19" ncloc="19" packages="1" files="1" classes="1"/>
    <file name="app.js" path="C:\Users\ionut\Desktop\Desktop-Cegep Ionut\Phase 3\Controle de la qualite\Cours 10\laboratoire10-js\src\app.js">
      <metrics statements="19" coveredstatements="11" conditionals="2" coveredconditionals="1" methods="6" coveredmethods="2"/>
      <line num="2" count="1" type="stmt"/>
      <line num="3" count="0" type="stmt"/>
      <line num="7" count="1" type="stmt"/>
      <line num="8" count="1" type="stmt"/>
      <line num="11" count="1" type="stmt"/>
      <line num="12" count="1" type="stmt"/>
      <line num="17" count="1" type="stmt"/>
      <line num="23" count="1" type="stmt"/>
      <line num="24" count="0" type="stmt"/>
      <line num="25" count="0" type="stmt"/>
      <line num="28" count="1" type="stmt"/>
      <line num="29" count="0" type="stmt"/>
      <line num="30" count="0" type="stmt"/>
      <line num="33" count="1" type="stmt"/>
      <line num="34" count="0" type="stmt"/>
      <line num="35" count="0" type="stmt"/>
      <line num="38" count="1" type="cond" truecount="1" falsecount="1"/>
      <line num="39" count="0" type="stmt"/>
      <line num="42" count="1" type="stmt"/>
    </file>
  </project>
</coverage>
