{"C:\\Users\\ionut\\Desktop\\Desktop-Cegep Ionut\\Phase 3\\Controle de la qualite\\Cours 10\\laboratoire10-js\\src\\app.js": {"path":"C:\\Users\\ionut\\Desktop\\Desktop-Cegep Ionut\\Phase 3\\Controle de la qualite\\Cours 10\\laboratoire10-js\\src\\app.js","statementMap":{"0":{"start":{"line":2,"column":12},"end":{"line":4,"column":1}},"1":{"start":{"line":3,"column":4},"end":{"line":3,"column":17}},"2":{"start":{"line":7,"column":16},"end":{"line":9,"column":1}},"3":{"start":{"line":8,"column":4},"end":{"line":8,"column":44}},"4":{"start":{"line":11,"column":21},"end":{"line":13,"column":1}},"5":{"start":{"line":12,"column":4},"end":{"line":12,"column":32}},"6":{"start":{"line":17,"column":16},"end":{"line":21,"column":1}},"7":{"start":{"line":23,"column":25},"end":{"line":26,"column":1}},"8":{"start":{"line":24,"column":24},"end":{"line":24,"column":51}},"9":{"start":{"line":25,"column":4},"end":{"line":25,"column":25}},"10":{"start":{"line":28,"column":27},"end":{"line":31,"column":1}},"11":{"start":{"line":29,"column":21},"end":{"line":29,"column":48}},"12":{"start":{"line":30,"column":4},"end":{"line":30,"column":22}},"13":{"start":{"line":33,"column":26},"end":{"line":36,"column":1}},"14":{"start":{"line":34,"column":23},"end":{"line":34,"column":50}},"15":{"start":{"line":35,"column":4},"end":{"line":35,"column":24}},"16":{"start":{"line":38,"column":0},"end":{"line":40,"column":1}},"17":{"start":{"line":39,"column":4},"end":{"line":39,"column":27}},"18":{"start":{"line":42,"column":0},"end":{"line":42,"column":116}}},"fnMap":{"0":{"name":"(anonymous_0)","decl":{"start":{"line":2,"column":12},"end":{"line":2,"column":13}},"loc":{"start":{"line":2,"column":22},"end":{"line":4,"column":1}},"line":2},"1":{"name":"(anonymous_1)","decl":{"start":{"line":7,"column":16},"end":{"line":7,"column":17}},"loc":{"start":{"line":7,"column":30},"end":{"line":9,"column":1}},"line":7},"2":{"name":"(anonymous_2)","decl":{"start":{"line":11,"column":21},"end":{"line":11,"column":22}},"loc":{"start":{"line":11,"column":35},"end":{"line":13,"column":1}},"line":11},"3":{"name":"(anonymous_3)","decl":{"start":{"line":23,"column":25},"end":{"line":23,"column":26}},"loc":{"start":{"line":23,"column":48},"end":{"line":26,"column":1}},"line":23},"4":{"name":"(anonymous_4)","decl":{"start":{"line":28,"column":27},"end":{"line":28,"column":28}},"loc":{"start":{"line":28,"column":50},"end":{"line":31,"column":1}},"line":28},"5":{"name":"(anonymous_5)","decl":{"start":{"line":33,"column":26},"end":{"line":33,"column":27}},"loc":{"start":{"line":33,"column":49},"end":{"line":36,"column":1}},"line":33}},"branchMap":{"0":{"loc":{"start":{"line":38,"column":0},"end":{"line":40,"column":1}},"type":"if","locations":[{"start":{"line":38,"column":0},"end":{"line":40,"column":1}},{"start":{},"end":{}}],"line":38}},"s":{"0":1,"1":0,"2":1,"3":1,"4":1,"5":1,"6":1,"7":1,"8":0,"9":0,"10":1,"11":0,"12":0,"13":1,"14":0,"15":0,"16":1,"17":0,"18":1},"f":{"0":0,"1":1,"2":1,"3":0,"4":0,"5":0},"b":{"0":[0,1]},"_coverageSchema":"1a1c01bbd47fc00a2c39e90264f33305004495a9","hash":"3d194498cbae956d74cea48187f13825113c4f47"}
}
